[debug] [2025-06-01T17:47:45.064Z] ----------------------------------------------------------------------
[debug] [2025-06-01T17:47:45.067Z] Command:       C:\Program Files\nodejs\node.exe C:\Users\seru\AppData\Roaming\npm\node_modules\firebase-tools\lib\bin\firebase.js init hosting
[debug] [2025-06-01T17:47:45.067Z] CLI Version:   14.5.1
[debug] [2025-06-01T17:47:45.067Z] Platform:      win32
[debug] [2025-06-01T17:47:45.068Z] Node Version:  v22.14.0
[debug] [2025-06-01T17:47:45.068Z] Time:          Mon Jun 02 2025 01:47:45 GMT+0800 (Philippine Standard Time)
[debug] [2025-06-01T17:47:45.068Z] ----------------------------------------------------------------------
[debug] 
[debug] [2025-06-01T17:47:45.073Z] > command requires scopes: ["email","openid","https://www.googleapis.com/auth/cloudplatformprojects.readonly","https://www.googleapis.com/auth/firebase","https://www.googleapis.com/auth/cloud-platform"]
[debug] [2025-06-01T17:47:45.074Z] > authorizing via signed-in user (reynaldbartiana@gmail.com)
[info] 
     ######## #### ########  ######## ########     ###     ######  ########
     ##        ##  ##     ## ##       ##     ##  ##   ##  ##       ##
     ######    ##  ########  ######   ########  #########  ######  ######
     ##        ##  ##    ##  ##       ##     ## ##     ##       ## ##
     ##       #### ##     ## ######## ########  ##     ##  ######  ########

You're about to initialize a Firebase project in this directory:

  C:\Users\seru\Documents\PlatformIO\Projects\IOT_PROJECT_TEMP-PRESSURE_ESP32S3_DPS310

[info] 
=== Project Setup
[info] 
[info] First, let's associate this project directory with a Firebase project.
[info] You can create multiple project aliases by running firebase use --add, 
[info] but for now we'll just set up a default project.
[info] 
[info] i  If you want to create a project in a Google Cloud organization or folder, please use "firebase projects:create" instead, and return to this command when you've created the project. 
[debug] [2025-06-01T17:49:12.004Z] Checked if tokens are valid: true, expires at: 1748803609914
[debug] [2025-06-01T17:49:12.004Z] Checked if tokens are valid: true, expires at: 1748803609914
[debug] [2025-06-01T17:49:12.005Z] >>> [apiv2][query] POST https://cloudresourcemanager.googleapis.com/v1/projects [none]
[debug] [2025-06-01T17:49:12.006Z] >>> [apiv2][body] POST https://cloudresourcemanager.googleapis.com/v1/projects {"projectId":"iothomelab","name":"IOT_TEMP_PRESSURE"}
[debug] [2025-06-01T17:49:13.041Z] <<< [apiv2][status] POST https://cloudresourcemanager.googleapis.com/v1/projects 400
[debug] [2025-06-01T17:49:13.042Z] <<< [apiv2][body] POST https://cloudresourcemanager.googleapis.com/v1/projects {"error":{"code":400,"message":"field [display_name] has issue [project display name contains invalid characters]","status":"INVALID_ARGUMENT","details":[{"@type":"type.googleapis.com/google.rpc.BadRequest","fieldViolations":[{"field":"display_name","description":"project display name contains invalid characters"}]},{"@type":"type.googleapis.com/google.rpc.Help","links":[{"url":"https://cloud.google.com/resource-manager/reference/rest/v1/projects"}]}]}}
[debug] [2025-06-01T17:49:13.141Z] FirebaseError: Request to https://cloudresourcemanager.googleapis.com/v1/projects had HTTP Error: 400, field [display_name] has issue [project display name contains invalid characters]
    at responseToError (C:\Users\seru\AppData\Roaming\npm\node_modules\firebase-tools\lib\responseToError.js:52:12)
    at RetryOperation._fn (C:\Users\seru\AppData\Roaming\npm\node_modules\firebase-tools\lib\apiv2.js:312:77)
    at process.processTicksAndRejections (node:internal/process/task_queues:105:5)
[error] 
[error] Error: Failed to create project. See firebase-debug.log for more info.
